TN:
SF:C:\Users\Yinka Alabi\Desktop\bc-19-complex-numbers-library\tests.js
FN:1,(anonymous_1)
FN:6,(anonymous_2)
FN:8,(anonymous_3)
FN:10,(anonymous_4)
FN:18,(anonymous_5)
FN:29,(anonymous_6)
FN:31,(anonymous_7)
FN:41,(anonymous_8)
FN:55,(anonymous_9)
FN:57,(anonymous_10)
FN:67,(anonymous_11)
FN:81,(anonymous_12)
FN:83,(anonymous_13)
FN:93,(anonymous_14)
FN:107,(anonymous_15)
FN:109,(anonymous_16)
FN:119,(anonymous_17)
FN:133,(anonymous_18)
FN:135,(anonymous_19)
FN:156,(anonymous_20)
FN:158,(anonymous_21)
FN:175,(anonymous_22)
FN:177,(anonymous_23)
FN:193,(anonymous_24)
FN:223,(anonymous_25)
FN:225,(anonymous_26)
FN:232,(anonymous_27)
FN:239,(anonymous_28)
FN:246,(anonymous_29)
FN:253,(anonymous_30)
FN:260,(anonymous_31)
FN:267,(anonymous_32)
FN:274,(anonymous_33)
FN:281,(anonymous_34)
FN:288,(anonymous_35)
FN:298,(anonymous_36)
FN:300,(anonymous_37)
FN:318,(anonymous_38)
FNF:38
FNH:38
FNDA:1,(anonymous_1)
FNDA:1,(anonymous_2)
FNDA:1,(anonymous_3)
FNDA:1,(anonymous_4)
FNDA:1,(anonymous_5)
FNDA:1,(anonymous_6)
FNDA:1,(anonymous_7)
FNDA:1,(anonymous_8)
FNDA:1,(anonymous_9)
FNDA:1,(anonymous_10)
FNDA:1,(anonymous_11)
FNDA:1,(anonymous_12)
FNDA:1,(anonymous_13)
FNDA:1,(anonymous_14)
FNDA:1,(anonymous_15)
FNDA:1,(anonymous_16)
FNDA:1,(anonymous_17)
FNDA:1,(anonymous_18)
FNDA:1,(anonymous_19)
FNDA:1,(anonymous_20)
FNDA:1,(anonymous_21)
FNDA:1,(anonymous_22)
FNDA:1,(anonymous_23)
FNDA:1,(anonymous_24)
FNDA:1,(anonymous_25)
FNDA:1,(anonymous_26)
FNDA:1,(anonymous_27)
FNDA:1,(anonymous_28)
FNDA:1,(anonymous_29)
FNDA:1,(anonymous_30)
FNDA:1,(anonymous_31)
FNDA:1,(anonymous_32)
FNDA:1,(anonymous_33)
FNDA:1,(anonymous_34)
FNDA:1,(anonymous_35)
FNDA:1,(anonymous_36)
FNDA:1,(anonymous_37)
FNDA:1,(anonymous_38)
DA:1,1
DA:4,1
DA:6,1
DA:8,1
DA:10,1
DA:11,1
DA:12,1
DA:13,1
DA:14,1
DA:15,1
DA:18,1
DA:19,1
DA:20,1
DA:21,1
DA:22,1
DA:23,1
DA:29,1
DA:31,1
DA:32,1
DA:33,1
DA:35,1
DA:36,1
DA:37,1
DA:38,1
DA:41,1
DA:42,1
DA:43,1
DA:44,1
DA:46,1
DA:47,1
DA:48,1
DA:49,1
DA:55,1
DA:57,1
DA:58,1
DA:59,1
DA:61,1
DA:62,1
DA:63,1
DA:64,1
DA:67,1
DA:68,1
DA:69,1
DA:70,1
DA:72,1
DA:73,1
DA:74,1
DA:75,1
DA:81,1
DA:83,1
DA:84,1
DA:85,1
DA:87,1
DA:88,1
DA:89,1
DA:90,1
DA:93,1
DA:94,1
DA:95,1
DA:96,1
DA:98,1
DA:99,1
DA:100,1
DA:101,1
DA:107,1
DA:109,1
DA:110,1
DA:111,1
DA:113,1
DA:114,1
DA:115,1
DA:116,1
DA:119,1
DA:120,1
DA:121,1
DA:122,1
DA:124,1
DA:125,1
DA:126,1
DA:127,1
DA:133,1
DA:135,1
DA:136,1
DA:137,1
DA:138,1
DA:139,1
DA:141,1
DA:142,1
DA:144,1
DA:145,1
DA:147,1
DA:148,1
DA:149,1
DA:150,1
DA:156,1
DA:158,1
DA:159,1
DA:160,1
DA:162,1
DA:163,1
DA:165,1
DA:166,1
DA:168,1
DA:169,1
DA:175,1
DA:177,1
DA:178,1
DA:179,1
DA:181,1
DA:184,1
DA:187,1
DA:190,1
DA:193,1
DA:195,1
DA:196,1
DA:197,1
DA:198,1
DA:200,1
DA:201,1
DA:203,1
DA:204,1
DA:205,1
DA:207,1
DA:208,1
DA:209,1
DA:210,1
DA:213,1
DA:216,1
DA:223,1
DA:225,1
DA:226,1
DA:227,1
DA:228,1
DA:229,1
DA:232,1
DA:233,1
DA:234,1
DA:235,1
DA:236,1
DA:239,1
DA:240,1
DA:241,1
DA:242,1
DA:243,1
DA:246,1
DA:247,1
DA:248,1
DA:249,1
DA:250,1
DA:253,1
DA:254,1
DA:255,1
DA:256,1
DA:257,1
DA:260,1
DA:261,1
DA:262,1
DA:263,1
DA:264,1
DA:267,1
DA:268,1
DA:269,1
DA:270,1
DA:271,1
DA:274,1
DA:275,1
DA:276,1
DA:277,1
DA:278,1
DA:281,1
DA:282,1
DA:283,1
DA:284,1
DA:285,1
DA:288,1
DA:289,1
DA:290,1
DA:291,1
DA:292,1
DA:298,1
DA:300,1
DA:301,1
DA:302,1
DA:303,1
DA:304,1
DA:305,1
DA:307,1
DA:310,1
DA:311,1
DA:313,1
DA:314,1
DA:315,1
DA:318,1
DA:320,1
DA:321,1
DA:322,1
DA:323,1
DA:324,1
DA:327,1
DA:330,1
DA:331,1
DA:333,1
DA:334,1
LF:203
LH:203
BRF:0
BRH:0
end_of_record
TN:
SF:C:\Users\Yinka Alabi\Desktop\bc-19-complex-numbers-library\complex.js
FN:11,Complex
FN:28,(anonymous_2)
FN:45,(anonymous_3)
FN:62,(anonymous_4)
FN:78,(anonymous_5)
FN:98,(anonymous_6)
FN:113,(anonymous_7)
FN:127,(anonymous_8)
FN:139,(anonymous_9)
FNF:9
FNH:9
FNDA:127,Complex
FNDA:15,(anonymous_2)
FNDA:14,(anonymous_3)
FNDA:16,(anonymous_4)
FNDA:12,(anonymous_5)
FNDA:8,(anonymous_6)
FNDA:7,(anonymous_7)
FNDA:8,(anonymous_8)
FNDA:11,(anonymous_9)
DA:11,1
DA:12,127
DA:13,127
DA:15,127
DA:16,127
DA:28,1
DA:29,15
DA:30,15
DA:31,15
DA:32,15
DA:33,15
DA:45,1
DA:46,14
DA:47,14
DA:48,14
DA:49,14
DA:50,14
DA:62,1
DA:63,16
DA:64,16
DA:65,16
DA:66,16
DA:78,1
DA:79,12
DA:80,0
DA:82,12
DA:83,12
DA:84,12
DA:85,12
DA:86,12
DA:98,1
DA:99,8
DA:100,8
DA:101,8
DA:102,8
DA:113,1
DA:114,7
DA:115,7
DA:127,1
DA:128,8
DA:139,1
DA:140,11
DA:141,1
DA:144,10
DA:145,4
DA:146,1
DA:148,3
DA:149,1
DA:151,2
DA:152,1
DA:154,1
DA:157,6
DA:158,1
DA:161,5
DA:162,1
DA:165,4
DA:166,2
DA:169,2
DA:170,1
DA:173,1
DA:179,1
LF:61
LH:60
BRDA:12,1,0,1
BRDA:12,1,1,126
BRDA:13,2,0,1
BRDA:13,2,1,126
BRDA:79,3,0,0
BRDA:79,3,1,12
BRDA:79,4,0,12
BRDA:79,4,1,0
BRDA:140,5,0,1
BRDA:140,5,1,10
BRDA:140,6,0,11
BRDA:140,6,1,5
BRDA:144,7,0,4
BRDA:144,7,1,6
BRDA:145,8,0,1
BRDA:145,8,1,3
BRDA:148,9,0,1
BRDA:148,9,1,2
BRDA:151,10,0,1
BRDA:151,10,1,1
BRDA:157,11,0,1
BRDA:157,11,1,5
BRDA:161,12,0,1
BRDA:161,12,1,4
BRDA:165,13,0,2
BRDA:165,13,1,2
BRDA:169,14,0,1
BRDA:169,14,1,1
BRF:28
BRH:26
end_of_record
